Checking for wasm32-unknown-unknown target...
Checking connection to Arbitrum Sepolia...
Connected to Arbitrum Sepolia!
Deployer address: 0x37d009b82c32f49ec25cC98b2F47B2503886389a
Deploying first ERC20 token contract (Token0) to Arbitrum Sepolia...
Token0 contract deployed at address: 0x4183c5f1e3978f95ccd2bb9f60e0a9ae3d6187fe
Token0 transaction hash: 0x258af020b3ce3458455d7f329c07f81362582359eeca651340efe00ced5c83f6
Deploying second ERC20 token contract (Token1) to Arbitrum Sepolia...
Token1 contract deployed at address: 0x53139683b05892f830502c0b681ac51be2408c02
Token1 transaction hash: 0x9198de158ea440ae06874eb6aa5e1bac2a76c9c32e3279bcf00a51585938bd16
Minting tokens for testing...

blockHash            0x1d803b8f9669c3d900e77cd0cbf7229e9ea85ec103f5bef77fcd7da5efb80b6a
blockNumber          180857729
contractAddress      
cumulativeGasUsed    72585
effectiveGasPrice    100000000
from                 0x37d009b82c32f49ec25cC98b2F47B2503886389a
gasUsed              72585
logs                 [{"address":"0x4183c5f1e3978f95ccd2bb9f60e0a9ae3d6187fe","topics":["0xddf252ad1be2c89b69c2b068fc378daa952ba7f163c4a11628f55a4df523b3ef","0x0000000000000000000000000000000000000000000000000000000000000000","0x00000000000000000000000037d009b82c32f49ec25cc98b2f47b2503886389a"],"data":"0x00000000000000000000000000000000000000000000003635c9adc5dea00000","blockHash":"0x1d803b8f9669c3d900e77cd0cbf7229e9ea85ec103f5bef77fcd7da5efb80b6a","blockNumber":"0xac7ab81","transactionHash":"0x62aa45bde095b53a4c5d534d6100736a758e6aa6d1ea8a4a9bc3fecbc100e33f","transactionIndex":"0x1","logIndex":"0x0","removed":false}]
logsBloom            0x00000002000000000000000000000000000000000000000000000000000000000000000000000000000000000000040000000000000000000000000000000000000000000000800000000008000000000000000000000000000000100000000000000000020000000000000000000800000000000000000000000010000080000000000000000000000000000000000000000000000000000000000000000000000000000000000000000000000000000000000000000000000000000000000000000042000000000000000000000000000000000000000000000000000020000000000000000000000000000000000000000000000000000000000000000000
root                 
status               1 (success)
transactionHash      0x62aa45bde095b53a4c5d534d6100736a758e6aa6d1ea8a4a9bc3fecbc100e33f
transactionIndex     1
type                 2
blobGasPrice         
blobGasUsed          
to                   0x4183c5F1e3978F95cCD2bb9F60E0a9aE3D6187fE
gasUsedForL1         274
l1BlockNumber        8917103
timeboosted          false


blockHash            0x2d9122d5c20791d2614743d6980ba8edeba3658dc7a269ec850f96636893ac49
blockNumber          180857752
contractAddress      
cumulativeGasUsed    72585
effectiveGasPrice    100000000
from                 0x37d009b82c32f49ec25cC98b2F47B2503886389a
gasUsed              72585
logs                 [{"address":"0x53139683b05892f830502c0b681ac51be2408c02","topics":["0xddf252ad1be2c89b69c2b068fc378daa952ba7f163c4a11628f55a4df523b3ef","0x0000000000000000000000000000000000000000000000000000000000000000","0x00000000000000000000000037d009b82c32f49ec25cc98b2f47b2503886389a"],"data":"0x00000000000000000000000000000000000000000000003635c9adc5dea00000","blockHash":"0x2d9122d5c20791d2614743d6980ba8edeba3658dc7a269ec850f96636893ac49","blockNumber":"0xac7ab98","transactionHash":"0x089c431f3928482107b868c646defd150c5ed6f5f66fe43263e49316acccc843","transactionIndex":"0x1","logIndex":"0x0","removed":false}]
logsBloom            0x00000000000000000000000000000000000000000000000000000000000000000000000000000000000000000000000000000000000000000000000000000000000000000000000000000008000000000000000000000000000000100000000000000000021000000000000000000800000000000000000000000010000080000000000000000000000000000000000000000000000000000000000000000000000040000000000000000000000000000000000000000000000000000000000000000042000000000000000000000000000000000000000000000000000020000000000000000000000000000000000000000000000000000000000000000000
root                 
status               1 (success)
transactionHash      0x089c431f3928482107b868c646defd150c5ed6f5f66fe43263e49316acccc843
transactionIndex     1
type                 2
blobGasPrice         
blobGasUsed          
to                   0x53139683B05892f830502c0b681Ac51BE2408C02
gasUsedForL1         274
l1BlockNumber        8917103
timeboosted          false

Tokens minted to deployer address.
Deploying the Uniswap V2 contract to Arbitrum Sepolia using cargo stylus...
Uniswap V2 contract deployed successfully!
Transaction hash: 0xff271a6cd9cff5919b1446cce33d5947211a0bf403d03dc83634d03a5ef88de8
Uniswap V2 contract address: 0x756d633b80dfbd98c81b823e4d346a71f80fb628
Deployment info saved to build/stylus-deployment-info.json
Deployment completed successfully on Arbitrum Sepolia!
Summary of deployed contracts:
- Token0: 0x4183c5f1e3978f95ccd2bb9f60e0a9ae3d6187fe
- Token1: 0x53139683b05892f830502c0b681ac51be2408c02
- Uniswap V2: 0x756d633b80dfbd98c81b823e4d346a71f80fb628
